<?xml version="1.0" encoding="UTF-8"?>
<!-- Generated by org.testng.reporters.JUnitReportReporter -->
<testsuite hostname="HYDPCM339480L" failures="0" tests="1" name="mottmacAssesment.ClickViewJobButton" time="25.880" errors="0" timestamp="20 Sep 2022 14:27:21 GMT" skipped="0">
  <testcase classname="mottmacAssesment.ClickViewJobButton" name="f" time="25.880"/>
</testsuite> <!-- mottmacAssesment.ClickViewJobButton -->
