<?xml version="1.0" encoding="UTF-8"?>
<!-- Generated by org.testng.reporters.JUnitReportReporter -->
<testsuite hostname="HYDPCM339480L" failures="0" tests="1" name="mottmacAssesment.CheckAllLinks" time="15.620" errors="0" timestamp="20 Sep 2022 14:28:06 GMT" skipped="0">
  <testcase classname="mottmacAssesment.CheckAllLinks" name="f" time="15.620"/>
</testsuite> <!-- mottmacAssesment.CheckAllLinks -->
