<?xml version="1.0" encoding="UTF-8"?>
<!-- Generated by org.testng.reporters.JUnitReportReporter -->
<testsuite hostname="HYDPCM339480L" failures="0" tests="5" name="solution.PlainDataDriven" time="88.194" errors="0" timestamp="15 Aug 2022 21:32:38 GMT" skipped="0">
  <testcase classname="solution.PlainDataDriven" name="f" time="22.889"/>
  <testcase classname="solution.PlainDataDriven" name="f" time="24.882"/>
  <testcase classname="solution.PlainDataDriven" name="f" time="11.249"/>
  <testcase classname="solution.PlainDataDriven" name="f" time="8.969"/>
  <testcase classname="solution.PlainDataDriven" name="f" time="20.205"/>
</testsuite> <!-- solution.PlainDataDriven -->
