<?xml version="1.0" encoding="UTF-8"?>
<!-- Generated by org.testng.reporters.JUnitReportReporter -->
<testsuite hostname="HYDPCM339480L" failures="0" tests="1" name="solution.QuestionFour" time="24.227" errors="0" timestamp="16 Aug 2022 12:13:53 GMT" skipped="0">
  <testcase classname="solution.QuestionFour" name="f" time="24.227"/>
</testsuite> <!-- solution.QuestionFour -->
