<?xml version="1.0" encoding="UTF-8"?>
<!-- Generated by org.testng.reporters.JUnitReportReporter -->
<testsuite hostname="HYDPCM339480L" failures="0" tests="5" name="solution.QuestionTwoDataDriven" time="89.799" errors="0" timestamp="16 Aug 2022 12:13:53 GMT" skipped="0">
  <testcase classname="solution.QuestionTwoDataDriven" name="f" time="19.862"/>
  <testcase classname="solution.QuestionTwoDataDriven" name="f" time="22.061"/>
  <testcase classname="solution.QuestionTwoDataDriven" name="f" time="9.170"/>
  <testcase classname="solution.QuestionTwoDataDriven" name="f" time="24.567"/>
  <testcase classname="solution.QuestionTwoDataDriven" name="f" time="14.139"/>
</testsuite> <!-- solution.QuestionTwoDataDriven -->
